CLIENT - 2020-10-11 20:23:09,340 - ENVIADO | TIPO: 1 | TAMANHO: 24
CLIENT - 2020-10-11 20:23:10,678 - RECEBIDO | TIPO: 2 | TAMANHO: 24
CLIENT - 2020-10-11 20:23:10,683 - RECEBIDO | TIPO: 2 | TAMANHO: 24
CLIENT - 2020-10-11 20:23:10,683 - COMEÇANDO A ENVIAR A IMAGEM
CLIENT - 2020-10-11 20:23:11,079 - ENVIADO | TIPO: 3 | TAMANHO: 128 | PACOTES ENVIADOS: 1/17
CLIENT - 2020-10-11 20:23:26,139 - RECEBIDO | TIPO: 4 | TAMANHO: 24 | CRC: b'\xdb\xe7' | ULTIMO PACOTE RECEBIDO PELO SERVIDOR: 1
CLIENT - 2020-10-11 20:23:26,512 - ENVIADO | TIPO: 3 | TAMANHO: 128 | PACOTES ENVIADOS: 2/17
CLIENT - 2020-10-11 20:23:26,948 - RECEBIDO | TIPO: 4 | TAMANHO: 24 | CRC: b'\xdb\xe7' | ULTIMO PACOTE RECEBIDO PELO SERVIDOR: 2
CLIENT - 2020-10-11 20:23:27,315 - ENVIADO | TIPO: 3 | TAMANHO: 128 | PACOTES ENVIADOS: 3/17
CLIENT - 2020-10-11 20:23:27,724 - RECEBIDO | TIPO: 4 | TAMANHO: 24 | CRC: b'\xdb\xe7' | ULTIMO PACOTE RECEBIDO PELO SERVIDOR: 3
CLIENT - 2020-10-11 20:23:28,082 - ENVIADO | TIPO: 3 | TAMANHO: 128 | PACOTES ENVIADOS: 4/17
CLIENT - 2020-10-11 20:23:28,488 - RECEBIDO | TIPO: 4 | TAMANHO: 24 | CRC: b'\xdb\xe7' | ULTIMO PACOTE RECEBIDO PELO SERVIDOR: 4
CLIENT - 2020-10-11 20:23:28,859 - ENVIADO | TIPO: 3 | TAMANHO: 128 | PACOTES ENVIADOS: 5/17
CLIENT - 2020-10-11 20:23:29,265 - RECEBIDO | TIPO: 4 | TAMANHO: 24 | CRC: b'\xdb\xe7' | ULTIMO PACOTE RECEBIDO PELO SERVIDOR: 5
CLIENT - 2020-10-11 20:23:29,633 - ENVIADO | TIPO: 3 | TAMANHO: 128 | PACOTES ENVIADOS: 6/17
CLIENT - 2020-10-11 20:23:30,044 - RECEBIDO | TIPO: 4 | TAMANHO: 24 | CRC: b'\xdb\xe7' | ULTIMO PACOTE RECEBIDO PELO SERVIDOR: 6
CLIENT - 2020-10-11 20:23:30,398 - ENVIADO | TIPO: 3 | TAMANHO: 128 | PACOTES ENVIADOS: 7/17
CLIENT - 2020-10-11 20:23:30,823 - RECEBIDO | TIPO: 4 | TAMANHO: 24 | CRC: b'\xdb\xe7' | ULTIMO PACOTE RECEBIDO PELO SERVIDOR: 7
CLIENT - 2020-10-11 20:23:31,183 - ENVIADO | TIPO: 3 | TAMANHO: 128 | PACOTES ENVIADOS: 8/17
CLIENT - 2020-10-11 20:23:31,600 - RECEBIDO | TIPO: 4 | TAMANHO: 24 | CRC: b'\xdb\xe7' | ULTIMO PACOTE RECEBIDO PELO SERVIDOR: 8
CLIENT - 2020-10-11 20:23:31,962 - ENVIADO | TIPO: 3 | TAMANHO: 128 | PACOTES ENVIADOS: 9/17
CLIENT - 2020-10-11 20:23:32,394 - RECEBIDO | TIPO: 4 | TAMANHO: 24 | CRC: b'\xdb\xe7' | ULTIMO PACOTE RECEBIDO PELO SERVIDOR: 9
CLIENT - 2020-10-11 20:23:32,758 - ENVIADO | TIPO: 3 | TAMANHO: 128 | PACOTES ENVIADOS: 10/17
CLIENT - 2020-10-11 20:23:33,166 - RECEBIDO | TIPO: 4 | TAMANHO: 24 | CRC: b'\xdb\xe7' | ULTIMO PACOTE RECEBIDO PELO SERVIDOR: 10
CLIENT - 2020-10-11 20:23:33,519 - ENVIADO | TIPO: 3 | TAMANHO: 128 | PACOTES ENVIADOS: 11/17
CLIENT - 2020-10-11 20:23:33,937 - RECEBIDO | TIPO: 4 | TAMANHO: 24 | CRC: b'\xdb\xe7' | ULTIMO PACOTE RECEBIDO PELO SERVIDOR: 11
CLIENT - 2020-10-11 20:23:34,296 - ENVIADO | TIPO: 3 | TAMANHO: 128 | PACOTES ENVIADOS: 12/17
CLIENT - 2020-10-11 20:23:34,720 - RECEBIDO | TIPO: 4 | TAMANHO: 24 | CRC: b'\xdb\xe7' | ULTIMO PACOTE RECEBIDO PELO SERVIDOR: 12
CLIENT - 2020-10-11 20:23:35,079 - ENVIADO | TIPO: 3 | TAMANHO: 128 | PACOTES ENVIADOS: 13/17
CLIENT - 2020-10-11 20:23:35,504 - RECEBIDO | TIPO: 4 | TAMANHO: 24 | CRC: b'\xdb\xe7' | ULTIMO PACOTE RECEBIDO PELO SERVIDOR: 13
CLIENT - 2020-10-11 20:23:35,866 - ENVIADO | TIPO: 3 | TAMANHO: 128 | PACOTES ENVIADOS: 14/17
CLIENT - 2020-10-11 20:23:36,277 - RECEBIDO | TIPO: 4 | TAMANHO: 24 | CRC: b'\xdb\xe7' | ULTIMO PACOTE RECEBIDO PELO SERVIDOR: 14
CLIENT - 2020-10-11 20:23:36,636 - ENVIADO | TIPO: 3 | TAMANHO: 128 | PACOTES ENVIADOS: 15/17
CLIENT - 2020-10-11 20:23:36,944 - RECEBIDO | TIPO: 4 | TAMANHO: 24 | CRC: b'\xdb\xe7' | ULTIMO PACOTE RECEBIDO PELO SERVIDOR: 15
CLIENT - 2020-10-11 20:23:37,304 - ENVIADO | TIPO: 3 | TAMANHO: 128 | PACOTES ENVIADOS: 16/17
CLIENT - 2020-10-11 20:23:37,877 - RECEBIDO | TIPO: 4 | TAMANHO: 24 | CRC: b'\xdb\xe7' | ULTIMO PACOTE RECEBIDO PELO SERVIDOR: 16
CLIENT - 2020-10-11 20:23:38,243 - ENVIADO | TIPO: 3 | TAMANHO: 101 | PACOTES ENVIADOS: 17/17
CLIENT - 2020-10-11 20:23:38,651 - RECEBIDO | TIPO: 4 | TAMANHO: 24 | CRC: b'\xdb\xe7' | ULTIMO PACOTE RECEBIDO PELO SERVIDOR: 17
CLIENT - 2020-10-11 20:23:38,663 - TODOS OS PACOTES ENVIADOS, ENCERRANDO COMUNICAÇÃO
