SERVER - 2020-10-11 20:05:09,339 - SERVIDOR OCIOSO
SERVER - 2020-10-11 20:05:11,632 - RECEBIDO | TIPO: 1 | TAMANHO: 24
SERVER - 2020-10-11 20:05:13,049 - ENVIADO | TIPO: 2 | TAMANHO: 24
SERVER - 2020-10-11 20:05:13,518 - RECEBIDO | TIPO: 3 | TAMANHO: 128 | CRC: b'\x95\x11' | PACOTES RECEBIDOS: 1/17
SERVER - 2020-10-11 20:05:13,941 - ENVIADO | TIPO: 4 | TAMANHO: 24
SERVER - 2020-10-11 20:05:14,296 - RECEBIDO | TIPO: 3 | TAMANHO: 128 | CRC: b'\xc1c' | PACOTES RECEBIDOS: 1/17
SERVER - 2020-10-11 20:05:14,302 - PACOTE COM ID INCORRETO, PEDINDO NOVO PACOTE
SERVER - 2020-10-11 20:05:14,677 - ENVIADO | TIPO: 6 | TAMANHO: 24
SERVER - 2020-10-11 20:05:15,038 - RECEBIDO | TIPO: 3 | TAMANHO: 128 | CRC: b'\xc1c' | PACOTES RECEBIDOS: 1/17
SERVER - 2020-10-11 20:05:15,045 - PACOTE COM ID INCORRETO, PEDINDO NOVO PACOTE
SERVER - 2020-10-11 20:05:15,426 - ENVIADO | TIPO: 6 | TAMANHO: 24
SERVER - 2020-10-11 20:05:15,839 - RECEBIDO | TIPO: 3 | TAMANHO: 128 | CRC: b'\xc1c' | PACOTES RECEBIDOS: 1/17
SERVER - 2020-10-11 20:05:15,839 - PACOTE COM ID INCORRETO, PEDINDO NOVO PACOTE
SERVER - 2020-10-11 20:05:16,208 - ENVIADO | TIPO: 6 | TAMANHO: 24
SERVER - 2020-10-11 20:05:16,633 - RECEBIDO | TIPO: 3 | TAMANHO: 128 | CRC: b'\xc1c' | PACOTES RECEBIDOS: 1/17
SERVER - 2020-10-11 20:05:16,633 - PACOTE COM ID INCORRETO, PEDINDO NOVO PACOTE
SERVER - 2020-10-11 20:05:17,011 - ENVIADO | TIPO: 6 | TAMANHO: 24
SERVER - 2020-10-11 20:05:17,421 - RECEBIDO | TIPO: 3 | TAMANHO: 128 | CRC: b'\xc1c' | PACOTES RECEBIDOS: 1/17
SERVER - 2020-10-11 20:05:17,421 - PACOTE COM ID INCORRETO, PEDINDO NOVO PACOTE
SERVER - 2020-10-11 20:05:17,789 - ENVIADO | TIPO: 6 | TAMANHO: 24
SERVER - 2020-10-11 20:05:18,200 - RECEBIDO | TIPO: 3 | TAMANHO: 128 | CRC: b'\xc1c' | PACOTES RECEBIDOS: 1/17
SERVER - 2020-10-11 20:05:18,200 - PACOTE COM ID INCORRETO, PEDINDO NOVO PACOTE
SERVER - 2020-10-11 20:05:18,574 - ENVIADO | TIPO: 6 | TAMANHO: 24
SERVER - 2020-10-11 20:05:18,952 - RECEBIDO | TIPO: 3 | TAMANHO: 128 | CRC: b'\xc1c' | PACOTES RECEBIDOS: 1/17
SERVER - 2020-10-11 20:05:18,958 - PACOTE COM ID INCORRETO, PEDINDO NOVO PACOTE
SERVER - 2020-10-11 20:05:19,338 - ENVIADO | TIPO: 6 | TAMANHO: 24
SERVER - 2020-10-11 20:05:19,745 - RECEBIDO | TIPO: 3 | TAMANHO: 128 | CRC: b'\xc1c' | PACOTES RECEBIDOS: 1/17
SERVER - 2020-10-11 20:05:19,745 - PACOTE COM ID INCORRETO, PEDINDO NOVO PACOTE
SERVER - 2020-10-11 20:05:20,122 - ENVIADO | TIPO: 6 | TAMANHO: 24
SERVER - 2020-10-11 20:05:20,535 - RECEBIDO | TIPO: 3 | TAMANHO: 128 | CRC: b'\xc1c' | PACOTES RECEBIDOS: 1/17
SERVER - 2020-10-11 20:05:20,535 - PACOTE COM ID INCORRETO, PEDINDO NOVO PACOTE
SERVER - 2020-10-11 20:05:20,912 - ENVIADO | TIPO: 6 | TAMANHO: 24
